0 info it worked if it ends with ok
1 verbose cli [ 'node', '/usr/local/bin/npm', 'install', 'webpack', '-g' ]
2 info using npm@2.7.4
3 info using node@v0.12.2
4 silly cache add args [ 'webpack', null ]
5 verbose cache add spec webpack
6 silly cache add parsed spec { raw: 'webpack',
6 silly cache add   scope: null,
6 silly cache add   name: 'webpack',
6 silly cache add   rawSpec: '',
6 silly cache add   spec: '*',
6 silly cache add   type: 'range' }
7 verbose addNamed webpack@*
8 silly addNamed semver.valid null
9 silly addNamed semver.validRange *
10 silly addNameRange { name: 'webpack', range: '*', hasData: false }
11 silly mapToRegistry name webpack
12 silly mapToRegistry using default registry
13 silly mapToRegistry registry https://registry.npmjs.org/
14 silly mapToRegistry uri https://registry.npmjs.org/webpack
15 verbose addNameRange registry:https://registry.npmjs.org/webpack not in flight; fetching
16 verbose request uri https://registry.npmjs.org/webpack
17 verbose request no auth needed
18 info attempt registry request try #1 at 23:43:00
19 verbose request id 825e9230066126a7
20 http request GET https://registry.npmjs.org/webpack
21 http 200 https://registry.npmjs.org/webpack
22 silly get cb [ 200,
22 silly get   { server: 'CouchDB/1.5.0 (Erlang OTP/R16B03)',
22 silly get     etag: '"7R1U56IFZRH31LSEM0GNYZCKI"',
22 silly get     'content-type': 'application/json',
22 silly get     'cache-control': 'max-age=300',
22 silly get     'content-length': '783255',
22 silly get     'accept-ranges': 'bytes',
22 silly get     date: 'Tue, 10 May 2016 15:43:00 GMT',
22 silly get     via: '1.1 varnish',
22 silly get     age: '82',
22 silly get     connection: 'keep-alive',
22 silly get     'x-served-by': 'cache-nrt6134-NRT',
22 silly get     'x-cache': 'HIT',
22 silly get     'x-cache-hits': '1',
22 silly get     'x-timer': 'S1462894980.655181,VS0,VE1',
22 silly get     vary: 'Accept-Encoding' } ]
23 verbose get saving webpack to /Users/huangliang01/.npm/registry.npmjs.org/webpack/.cache.json
24 silly addNameRange number 2 { name: 'webpack', range: '*', hasData: true }
25 silly addNameRange versions [ 'webpack',
25 silly addNameRange   [ '0.1.0',
25 silly addNameRange     '0.1.1',
25 silly addNameRange     '0.1.2',
25 silly addNameRange     '0.1.3',
25 silly addNameRange     '0.1.4',
25 silly addNameRange     '0.1.5',
25 silly addNameRange     '0.1.6',
25 silly addNameRange     '0.2.0',
25 silly addNameRange     '0.2.1',
25 silly addNameRange     '0.2.2',
25 silly addNameRange     '0.2.3',
25 silly addNameRange     '0.2.4',
25 silly addNameRange     '0.2.6',
25 silly addNameRange     '0.2.7',
25 silly addNameRange     '0.2.8',
25 silly addNameRange     '0.3.0',
25 silly addNameRange     '0.3.1',
25 silly addNameRange     '0.3.2',
25 silly addNameRange     '0.3.3',
25 silly addNameRange     '0.3.4',
25 silly addNameRange     '0.3.6',
25 silly addNameRange     '0.3.7',
25 silly addNameRange     '0.3.8',
25 silly addNameRange     '0.3.9',
25 silly addNameRange     '0.3.10',
25 silly addNameRange     '0.3.11',
25 silly addNameRange     '0.3.12',
25 silly addNameRange     '0.3.13',
25 silly addNameRange     '0.3.14',
25 silly addNameRange     '0.3.15',
25 silly addNameRange     '0.3.16',
25 silly addNameRange     '0.3.17',
25 silly addNameRange     '0.3.18',
25 silly addNameRange     '0.3.19',
25 silly addNameRange     '0.3.20',
25 silly addNameRange     '0.4.0',
25 silly addNameRange     '0.4.1',
25 silly addNameRange     '0.4.2',
25 silly addNameRange     '0.4.3',
25 silly addNameRange     '0.4.4',
25 silly addNameRange     '0.4.5',
25 silly addNameRange     '0.4.6',
25 silly addNameRange     '0.4.7',
25 silly addNameRange     '0.4.8',
25 silly addNameRange     '0.4.9',
25 silly addNameRange     '0.4.10',
25 silly addNameRange     '0.4.11',
25 silly addNameRange     '0.4.12',
25 silly addNameRange     '0.4.13',
25 silly addNameRange     '0.4.14',
25 silly addNameRange     '0.4.15',
25 silly addNameRange     '0.4.16',
25 silly addNameRange     '0.4.17',
25 silly addNameRange     '0.4.18',
25 silly addNameRange     '0.4.19',
25 silly addNameRange     '0.4.20',
25 silly addNameRange     '0.4.21',
25 silly addNameRange     '0.4.23',
25 silly addNameRange     '0.4.24',
25 silly addNameRange     '0.4.25',
25 silly addNameRange     '0.5.0',
25 silly addNameRange     '0.5.1',
25 silly addNameRange     '0.5.2',
25 silly addNameRange     '0.5.3',
25 silly addNameRange     '0.5.4',
25 silly addNameRange     '0.5.5',
25 silly addNameRange     '0.5.6',
25 silly addNameRange     '0.5.7',
25 silly addNameRange     '0.5.8',
25 silly addNameRange     '0.5.10',
25 silly addNameRange     '0.6.0',
25 silly addNameRange     '0.6.1',
25 silly addNameRange     '0.6.2',
25 silly addNameRange     '0.7.0-beta',
25 silly addNameRange     '0.7.0-beta2',
25 silly addNameRange     '0.7.0-beta3',
25 silly addNameRange     '0.7.0-beta4',
25 silly addNameRange     '0.7.0-beta5',
25 silly addNameRange     '0.7.0-beta6',
25 silly addNameRange     '0.7.0-beta7',
25 silly addNameRange     '0.7.0-beta8',
25 silly addNameRange     '0.7.0',
25 silly addNameRange     '0.7.1',
25 silly addNameRange     '0.7.2',
25 silly addNameRange     '0.7.3',
25 silly addNameRange     '0.7.4',
25 silly addNameRange     '0.7.5',
25 silly addNameRange     '0.7.6',
25 silly addNameRange     '0.7.7',
25 silly addNameRange     '0.7.8',
25 silly addNameRange     '0.7.9',
25 silly addNameRange     '0.7.11',
25 silly addNameRange     '0.7.12',
25 silly addNameRange     '0.7.13',
25 silly addNameRange     '0.7.14',
25 silly addNameRange     '0.7.15',
25 silly addNameRange     '0.7.16',
25 silly addNameRange     '0.7.17',
25 silly addNameRange     '0.8.0-beta1',
25 silly addNameRange     '0.8.0-beta2',
25 silly addNameRange     '0.8.0-beta3',
25 silly addNameRange     '0.8.0-beta4',
25 silly addNameRange     '0.8.0',
25 silly addNameRange     '0.8.2',
25 silly addNameRange     '0.8.3',
25 silly addNameRange     '0.9.0-beta1',
25 silly addNameRange     '0.9.0-beta2',
25 silly addNameRange     '0.9.0-beta4',
25 silly addNameRange     '0.9.0-beta5',
25 silly addNameRange     '0.9.0-beta6',
25 silly addNameRange     '0.9.0-beta7',
25 silly addNameRange     '0.9.0-beta8',
25 silly addNameRange     '0.9.0-beta9',
25 silly addNameRange     '0.9.0-beta10',
25 silly addNameRange     '0.9.0-beta11',
25 silly addNameRange     '0.9.0-beta12',
25 silly addNameRange     '0.9.0-beta13',
25 silly addNameRange     '0.9.0-beta14',
25 silly addNameRange     '0.9.0-beta15',
25 silly addNameRange     '0.9.0-beta16',
25 silly addNameRange     '0.9.0-beta17',
25 silly addNameRange     '0.9.0-beta18',
25 silly addNameRange     '0.9.0-beta19',
25 silly addNameRange     '0.9.0-beta20',
25 silly addNameRange     '0.9.0-beta21',
25 silly addNameRange     '0.9.0-beta22',
25 silly addNameRange     '0.9.0-beta23',
25 silly addNameRange     '0.9.0-beta24',
25 silly addNameRange     '0.9.0-beta25',
25 silly addNameRange     '0.9.0-beta26',
25 silly addNameRange     '0.9.0-beta27',
25 silly addNameRange     '0.9.0-beta28',
25 silly addNameRange     '0.9.0-beta29',
25 silly addNameRange     '0.9.0-beta30',
25 silly addNameRange     '0.9.0-beta31',
25 silly addNameRange     '0.9.0-beta32',
25 silly addNameRange     '0.9.0-beta33',
25 silly addNameRange     '0.9.0-beta34',
25 silly addNameRange     '0.9.0-beta35',
25 silly addNameRange     '0.9.0-beta36',
25 silly addNameRange     '0.9.0-beta37',
25 silly addNameRange     '0.9.0-beta38',
25 silly addNameRange     '0.9.0',
25 silly addNameRange     '0.9.1',
25 silly addNameRange     '0.9.2',
25 silly addNameRange     '0.9.3',
25 silly addNameRange     '0.10.0-beta2',
25 silly addNameRange     '0.10.0-beta3',
25 silly addNameRange     '0.10.0-beta5',
25 silly addNameRange     '0.10.0-beta6',
25 silly addNameRange     '0.10.0-beta7',
25 silly addNameRange     '0.10.0-beta8',
25 silly addNameRange     '0.10.0-beta9',
25 silly addNameRange     '0.10.0-beta10',
25 silly addNameRange     '0.10.0-beta11',
25 silly addNameRange     '0.10.0-beta12',
25 silly addNameRange     '0.10.0-beta13',
25 silly addNameRange     '0.10.0-beta14',
25 silly addNameRange     '0.10.0-beta15',
25 silly addNameRange     '0.10.0-beta16',
25 silly addNameRange     '0.10.0-beta17',
25 silly addNameRange     '0.10.0-beta18',
25 silly addNameRange     '0.10.0-beta19',
25 silly addNameRange     '0.10.0-beta20',
25 silly addNameRange     '0.10.0-beta21',
25 silly addNameRange     '0.10.0-beta22',
25 silly addNameRange     '0.10.0-beta23',
25 silly addNameRange     '0.10.0-beta24',
25 silly addNameRange     '0.10.0-beta25',
25 silly addNameRange     '0.10.0',
25 silly addNameRange     '0.11.0-beta1',
25 silly addNameRange     '0.11.0-beta2',
25 silly addNameRange     '0.11.0-beta3',
25 silly addNameRange     '0.11.0-beta4',
25 silly addNameRange     '0.11.0-beta5',
25 silly addNameRange     '0.11.0-beta6',
25 silly addNameRange     '0.11.0-beta7',
25 silly addNameRange     '0.11.0-beta8',
25 silly addNameRange     '0.11.0-beta9',
25 silly addNameRange     '0.11.0-beta10',
25 silly addNameRange     '0.11.0-beta11',
25 silly addNameRange     '0.11.0-beta12',
25 silly addNameRange     '0.11.0-beta13',
25 silly addNameRange     '0.11.0-beta14',
25 silly addNameRange     '0.11.0-beta15',
25 silly addNameRange     '0.11.0-beta16',
25 silly addNameRange     '0.11.0-beta17',
25 silly addNameRange     '0.11.0-beta18',
25 silly addNameRange     '0.11.0-beta19',
25 silly addNameRange     '0.11.0-beta20',
25 silly addNameRange     '0.11.0-beta21',
25 silly addNameRange     '0.11.0-beta22',
25 silly addNameRange     '0.11.0-beta23',
25 silly addNameRange     '0.11.0-beta24',
25 silly addNameRange     '0.11.0-beta25',
25 silly addNameRange     '0.11.0-beta26',
25 silly addNameRange     '0.11.0-beta27',
25 silly addNameRange     '0.11.0-beta28',
25 silly addNameRange     '0.11.0-beta29',
25 silly addNameRange     '0.11.0',
25 silly addNameRange     '0.11.1',
25 silly addNameRange     '0.11.2',
25 silly addNameRange     '0.11.3',
25 silly addNameRange     '0.11.4',
25 silly addNameRange     '0.11.5',
25 silly addNameRange     '0.11.6',
25 silly addNameRange     '0.11.7',
25 silly addNameRange     '0.11.8',
25 silly addNameRange     '0.11.9',
25 silly addNameRange     '0.11.10',
25 silly addNameRange     '0.11.11',
25 silly addNameRange     '0.11.12',
25 silly addNameRange     '0.11.13',
25 silly addNameRange     '0.11.14',
25 silly addNameRange     '0.11.15',
25 silly addNameRange     '1.0.0-beta1',
25 silly addNameRange     '1.0.0-beta2',
25 silly addNameRange     '1.0.0-beta3',
25 silly addNameRange     '1.0.0-beta4',
25 silly addNameRange     '0.11.16',
25 silly addNameRange     '0.11.17',
25 silly addNameRange     '0.11.18',
25 silly addNameRange     '1.0.0-beta5',
25 silly addNameRange     '1.0.0-beta6',
25 silly addNameRange     '1.0.0-beta7',
25 silly addNameRange     '1.0.0-beta8',
25 silly addNameRange     '1.0.0-beta9',
25 silly addNameRange     '1.0.0-rc1',
25 silly addNameRange     '1.0.0-rc2',
25 silly addNameRange     '1.0.0-rc3',
25 silly addNameRange     '1.0.0-rc4',
25 silly addNameRange     '1.0.0-rc5',
25 silly addNameRange     '1.0.0-rc7',
25 silly addNameRange     '1.0.0-rc8',
25 silly addNameRange     '1.0.0-rc9',
25 silly addNameRange     '1.0.0-rc11',
25 silly addNameRange     '1.0.0-rc12',
25 silly addNameRange     '1.0.0',
25 silly addNameRange     '1.0.1',
25 silly addNameRange     '1.0.3',
25 silly addNameRange     '1.0.4',
25 silly addNameRange     '1.0.5',
25 silly addNameRange     '1.1.0-beta1',
25 silly addNameRange     '1.1.0-beta2',
25 silly addNameRange     '1.1.0-beta3',
25 silly addNameRange     '1.1.0-beta4',
25 silly addNameRange     '1.1.0-beta5',
25 silly addNameRange     '1.1.0-beta6',
25 silly addNameRange     '1.1.0-beta7',
25 silly addNameRange     '1.1.0-beta8',
25 silly addNameRange     '1.1.0-beta9',
25 silly addNameRange     '1.1.0-beta10',
25 silly addNameRange     '1.1.0-beta12',
25 silly addNameRange     '1.1.0',
25 silly addNameRange     '1.1.1',
25 silly addNameRange     '1.1.2',
25 silly addNameRange     '1.1.3',
25 silly addNameRange     '1.1.4',
25 silly addNameRange     '1.1.5',
25 silly addNameRange     '1.1.6',
25 silly addNameRange     '1.1.7',
25 silly addNameRange     '1.1.8',
25 silly addNameRange     '1.1.9',
25 silly addNameRange     '1.1.10',
25 silly addNameRange     '1.1.11',
25 silly addNameRange     '1.2.0-beta1',
25 silly addNameRange     '1.2.0-beta2',
25 silly addNameRange     '1.2.0-beta4',
25 silly addNameRange     '1.2.0-beta5',
25 silly addNameRange     '1.2.0-beta6',
25 silly addNameRange     '1.3.0-beta1',
25 silly addNameRange     '1.3.0-beta2',
25 silly addNameRange     '1.3.0-beta3',
25 silly addNameRange     '1.3.0-beta4',
25 silly addNameRange     '1.3.0-beta5',
25 silly addNameRange     '1.3.0-beta6',
25 silly addNameRange     '1.3.0-beta7',
25 silly addNameRange     '1.3.0-beta8',
25 silly addNameRange     '1.3.0-beta9',
25 silly addNameRange     '1.3.1-beta1',
25 silly addNameRange     '1.3.1-beta2',
25 silly addNameRange     '1.3.1-beta3',
25 silly addNameRange     '1.3.1-beta4',
25 silly addNameRange     '1.3.1-beta5',
25 silly addNameRange     '1.3.1-beta6',
25 silly addNameRange     '1.3.1-beta7',
25 silly addNameRange     '1.3.1-beta8',
25 silly addNameRange     '1.3.1-beta9',
25 silly addNameRange     '1.3.2-beta1',
25 silly addNameRange     '1.3.2-beta2',
25 silly addNameRange     '1.3.2-beta3',
25 silly addNameRange     '1.3.2-beta4',
25 silly addNameRange     '1.3.2-beta5',
25 silly addNameRange     '1.3.2-beta6',
25 silly addNameRange     '1.3.2-beta7',
25 silly addNameRange     '1.3.2-beta8',
25 silly addNameRange     '1.3.2-beta9',
25 silly addNameRange     '1.3.3-beta1',
25 silly addNameRange     '1.3.3-beta2',
25 silly addNameRange     '1.3.4',
25 silly addNameRange     '1.3.5',
25 silly addNameRange     '1.3.6',
25 silly addNameRange     '1.3.7',
25 silly addNameRange     '1.4.0-beta1',
25 silly addNameRange     '1.4.0-beta2',
25 silly addNameRange     '1.4.0-beta3',
25 silly addNameRange     '1.4.0-beta4',
25 silly addNameRange     '1.4.0-beta5',
25 silly addNameRange     '1.4.0-beta6',
25 silly addNameRange     '1.4.0-beta7',
25 silly addNameRange     '1.4.0-beta8',
25 silly addNameRange     '1.4.0-beta9',
25 silly addNameRange     '1.4.0-beta10',
25 silly addNameRange     '1.4.1-beta1',
25 silly addNameRange     '1.4.2',
25 silly addNameRange     '1.4.3',
25 silly addNameRange     '1.4.4',
25 silly addNameRange     '1.4.5',
25 silly addNameRange     '1.4.6',
25 silly addNameRange     '1.4.7',
25 silly addNameRange     '1.4.8',
25 silly addNameRange     '1.4.9',
25 silly addNameRange     '1.4.10',
25 silly addNameRange     '1.4.11',
25 silly addNameRange     '1.4.12',
25 silly addNameRange     '1.4.13',
25 silly addNameRange     '1.4.14',
25 silly addNameRange     '1.4.15',
25 silly addNameRange     '1.5.0',
25 silly addNameRange     '1.5.1',
25 silly addNameRange     '1.5.2',
25 silly addNameRange     '1.5.3',
25 silly addNameRange     '1.6.0',
25 silly addNameRange     '1.7.0',
25 silly addNameRange     '1.7.1',
25 silly addNameRange     '1.7.2',
25 silly addNameRange     '1.7.3',
25 silly addNameRange     '1.8.0',
25 silly addNameRange     '1.8.1',
25 silly addNameRange     '1.8.2',
25 silly addNameRange     '1.8.3',
25 silly addNameRange     '1.8.4',
25 silly addNameRange     '1.8.5',
25 silly addNameRange     '1.8.6',
25 silly addNameRange     '1.8.7',
25 silly addNameRange     '1.8.8',
25 silly addNameRange     '1.8.9',
25 silly addNameRange     '1.8.10',
25 silly addNameRange     '1.8.11',
25 silly addNameRange     '1.9.0',
25 silly addNameRange     '1.9.1',
25 silly addNameRange     '1.9.2',
25 silly addNameRange     '1.9.3',
25 silly addNameRange     '1.9.4',
25 silly addNameRange     '1.9.5',
25 silly addNameRange     '1.9.6',
25 silly addNameRange     '1.9.7',
25 silly addNameRange     '1.9.8',
25 silly addNameRange     '1.9.9',
25 silly addNameRange     '1.9.10',
25 silly addNameRange     '1.9.11',
25 silly addNameRange     '1.9.12',
25 silly addNameRange     '1.9.13',
25 silly addNameRange     '1.10.0',
25 silly addNameRange     '1.10.1',
25 silly addNameRange     '1.10.2',
25 silly addNameRange     '1.10.3',
25 silly addNameRange     '1.10.4',
25 silly addNameRange     '1.10.5',
25 silly addNameRange     '1.11.0',
25 silly addNameRange     '1.12.0',
25 silly addNameRange     '1.12.1',
25 silly addNameRange     '1.12.2',
25 silly addNameRange     '2.0.0-beta',
25 silly addNameRange     '1.12.3',
25 silly addNameRange     '1.12.4',
25 silly addNameRange     '1.12.5',
25 silly addNameRange     '1.12.6',
25 silly addNameRange     '1.12.7',
25 silly addNameRange     '1.12.8',
25 silly addNameRange     '1.12.9',
25 silly addNameRange     '2.0.1-beta',
25 silly addNameRange     '2.0.2-beta',
25 silly addNameRange     '1.12.10',
25 silly addNameRange     '1.12.11',
25 silly addNameRange     '2.0.4-beta',
25 silly addNameRange     '1.12.12',
25 silly addNameRange     '2.0.5-beta',
25 silly addNameRange     '2.0.6-beta',
25 silly addNameRange     '2.0.7-beta',
25 silly addNameRange     '1.12.13',
25 silly addNameRange     '2.1.0-beta.0',
25 silly addNameRange     '2.1.0-beta.1',
25 silly addNameRange     '2.1.0-beta.2',
25 silly addNameRange     '1.12.14',
25 silly addNameRange     '2.1.0-beta.3',
25 silly addNameRange     '2.1.0-beta.4',
25 silly addNameRange     '2.1.0-beta.5',
25 silly addNameRange     '1.12.15',
25 silly addNameRange     '1.13.0',
25 silly addNameRange     '2.1.0-beta.6',
25 silly addNameRange     '2.1.0-beta.7' ] ]
26 verbose addNamed webpack@1.13.0
27 silly addNamed semver.valid 1.13.0
28 silly addNamed semver.validRange 1.13.0
29 silly mapToRegistry name webpack
30 silly mapToRegistry using default registry
31 silly mapToRegistry registry https://registry.npmjs.org/
32 silly mapToRegistry uri https://registry.npmjs.org/webpack
33 verbose addRemoteTarball https://registry.npmjs.org/webpack/-/webpack-1.13.0.tgz not in flight; adding
34 verbose addRemoteTarball [ 'https://registry.npmjs.org/webpack/-/webpack-1.13.0.tgz',
34 verbose addRemoteTarball   'aad3d34f0b7202dd55b17a6a6cebf4dbbe72272a' ]
35 info retry fetch attempt 1 at 23:43:03
36 info attempt registry request try #1 at 23:43:03
37 http fetch GET https://registry.npmjs.org/webpack/-/webpack-1.13.0.tgz
38 http fetch 200 https://registry.npmjs.org/webpack/-/webpack-1.13.0.tgz
39 silly fetchAndShaCheck shasum aad3d34f0b7202dd55b17a6a6cebf4dbbe72272a
40 verbose addTmpTarball /var/folders/13/b1hvx3nx0yxc12xt52s2dhbr0000gn/T/npm-3175-5de84147/registry.npmjs.org/webpack/-/webpack-1.13.0.tgz not in flight; adding
41 verbose addTmpTarball already have metadata; skipping unpack for webpack@1.13.0
42 silly cache afterAdd webpack@1.13.0
43 verbose afterAdd /Users/huangliang01/.npm/webpack/1.13.0/package/package.json not in flight; writing
44 verbose afterAdd /Users/huangliang01/.npm/webpack/1.13.0/package/package.json written
45 silly install resolved [ { name: 'webpack',
45 silly install resolved     version: '1.13.0',
45 silly install resolved     author: { name: 'Tobias Koppers @sokra' },
45 silly install resolved     description: 'Packs CommonJs/AMD modules for the browser. Allows to split your codebase into multiple bundles, which can be loaded on demand. Support loaders to preprocess files, i.e. json, jade, coffee, css, less, ... and your custom stuff.',
45 silly install resolved     dependencies:
45 silly install resolved      { async: '^1.3.0',
45 silly install resolved        clone: '^1.0.2',
45 silly install resolved        'enhanced-resolve': '~0.9.0',
45 silly install resolved        acorn: '^3.0.0',
45 silly install resolved        interpret: '^0.6.4',
45 silly install resolved        'loader-utils': '^0.2.11',
45 silly install resolved        'memory-fs': '~0.3.0',
45 silly install resolved        mkdirp: '~0.5.0',
45 silly install resolved        'node-libs-browser': '>= 0.4.0 <=0.6.0',
45 silly install resolved        optimist: '~0.6.0',
45 silly install resolved        'supports-color': '^3.1.0',
45 silly install resolved        tapable: '~0.1.8',
45 silly install resolved        'uglify-js': '~2.6.0',
45 silly install resolved        watchpack: '^0.2.1',
45 silly install resolved        'webpack-core': '~0.6.0' },
45 silly install resolved     license: 'MIT',
45 silly install resolved     devDependencies:
45 silly install resolved      { benchmark: '^1.0.0',
45 silly install resolved        'bundle-loader': '~0.5.0',
45 silly install resolved        'codecov.io': '^0.1.2',
45 silly install resolved        'coffee-loader': '~0.7.1',
45 silly install resolved        'coffee-script': '^1.10.0',
45 silly install resolved        'component-webpack-plugin': '~0.2.0',
45 silly install resolved        coveralls: '^2.11.2',
45 silly install resolved        'css-loader': '~0.15.0',
45 silly install resolved        diff: '^2.0.2',
45 silly install resolved        eslint: '^1.1.0',
45 silly install resolved        'eslint-plugin-nodeca': '^1.0.3',
45 silly install resolved        express: '~4.13.1',
45 silly install resolved        'extract-text-webpack-plugin': '~0.8.0',
45 silly install resolved        'file-loader': '~0.8.0',
45 silly install resolved        glob: '^5.0.14',
45 silly install resolved        'i18n-webpack-plugin': '~0.2.0',
45 silly install resolved        istanbul: '^0.3.13',
45 silly install resolved        jade: '^1.11.0',
45 silly install resolved        'jade-loader': '~0.7.0',
45 silly install resolved        'js-beautify': '^1.5.10',
45 silly install resolved        'json-loader': '~0.5.1',
45 silly install resolved        less: '^2.5.1',
45 silly install resolved        'less-loader': '^2.0.0',
45 silly install resolved        mocha: '~2.2.0',
45 silly install resolved        'mocha-lcov-reporter': '0.0.2',
45 silly install resolved        'raw-loader': '~0.5.0',
45 silly install resolved        'script-loader': '~0.6.0',
45 silly install resolved        should: '^7.0.2',
45 silly install resolved        'style-loader': '~0.12.0',
45 silly install resolved        'url-loader': '~0.5.0',
45 silly install resolved        'val-loader': '~0.5.0',
45 silly install resolved        'vm-browserify': '~0.0.0',
45 silly install resolved        'webpack-dev-middleware': '^1.0.0',
45 silly install resolved        'worker-loader': '~0.6.0' },
45 silly install resolved     engines: { node: '>=0.6' },
45 silly install resolved     repository:
45 silly install resolved      { type: 'git',
45 silly install resolved        url: 'git+https://github.com/webpack/webpack.git' },
45 silly install resolved     homepage: 'https://github.com/webpack/webpack',
45 silly install resolved     main: 'lib/webpack.js',
45 silly install resolved     web: 'lib/webpack.web.js',
45 silly install resolved     bin: { webpack: './bin/webpack.js' },
45 silly install resolved     files: [ 'lib/', 'bin/', 'buildin/', 'hot/', 'web_modules/' ],
45 silly install resolved     scripts:
45 silly install resolved      { pretest: 'npm run lint && npm run beautify-lint',
45 silly install resolved        test: 'mocha',
45 silly install resolved        travis: 'npm run cover -- --report lcovonly',
45 silly install resolved        lint: 'eslint lib bin hot scripts',
45 silly install resolved        'beautify-lint': 'node ./scripts/beautify-check',
45 silly install resolved        beautify: 'node ./scripts/beautify-rewrite',
45 silly install resolved        precover: 'npm run lint && npm run beautify-lint',
45 silly install resolved        cover: 'istanbul cover -x *.runtime.js node_modules/mocha/bin/_mocha',
45 silly install resolved        'publish-patch': 'npm run lint && npm run beautify-lint && mocha && npm version patch && git push && git push --tags && npm publish' },
45 silly install resolved     gitHead: '006d59500de0493c4096d5d4cecd64eb12db2b95',
45 silly install resolved     bugs: { url: 'https://github.com/webpack/webpack/issues' },
45 silly install resolved     _id: 'webpack@1.13.0',
45 silly install resolved     _shasum: 'aad3d34f0b7202dd55b17a6a6cebf4dbbe72272a',
45 silly install resolved     _from: 'webpack@*',
45 silly install resolved     _npmVersion: '3.8.3',
45 silly install resolved     _nodeVersion: '5.10.1',
45 silly install resolved     _npmUser: { name: 'sokra', email: 'tobias.koppers@googlemail.com' },
45 silly install resolved     dist:
45 silly install resolved      { shasum: 'aad3d34f0b7202dd55b17a6a6cebf4dbbe72272a',
45 silly install resolved        tarball: 'https://registry.npmjs.org/webpack/-/webpack-1.13.0.tgz' },
45 silly install resolved     maintainers: [ [Object] ],
45 silly install resolved     _npmOperationalInternal:
45 silly install resolved      { host: 'packages-16-east.internal.npmjs.com',
45 silly install resolved        tmp: 'tmp/webpack-1.13.0.tgz_1460726312577_0.7034080678131431' },
45 silly install resolved     directories: {},
45 silly install resolved     _resolved: 'https://registry.npmjs.org/webpack/-/webpack-1.13.0.tgz' } ]
46 info install webpack@1.13.0 into /usr/local/lib
47 info installOne webpack@1.13.0
48 verbose installOne of webpack to /usr/local/lib not in flight; installing
49 verbose lock using /Users/huangliang01/.npm/_locks/webpack-865c90cad072eb35.lock for /usr/local/lib/node_modules/webpack
50 silly install write writing webpack 1.13.0 to /usr/local/lib/node_modules/webpack
51 silly cache addNamed cb webpack@1.13.0
52 verbose unbuild lib/node_modules/webpack
53 silly gentlyRm /usr/local/lib/node_modules/webpack is being purged from base /usr/local
54 verbose gentlyRm don't care about contents; nuking /usr/local/lib/node_modules/webpack
55 verbose tar unpack /Users/huangliang01/.npm/webpack/1.13.0/package.tgz
56 verbose tar unpacking to /usr/local/lib/node_modules/webpack
57 silly gentlyRm /usr/local/lib/node_modules/webpack is being purged
58 verbose gentlyRm don't care about contents; nuking /usr/local/lib/node_modules/webpack
59 silly gunzTarPerm modes [ '755', '644' ]
60 error tar.unpack untar error /Users/huangliang01/.npm/webpack/1.13.0/package.tgz
61 verbose unlock done using /Users/huangliang01/.npm/_locks/webpack-865c90cad072eb35.lock for /usr/local/lib/node_modules/webpack
62 verbose fstream_path /usr/local/lib/node_modules/webpack
63 verbose fstream_type Directory
64 verbose fstream_class DirWriter
65 verbose stack Error: EACCES, mkdir '/usr/local/lib/node_modules/webpack'
65 verbose stack     at Error (native)
66 verbose fstream_stack /usr/local/lib/node_modules/npm/node_modules/fstream/lib/dir-writer.js:36:23
66 verbose fstream_stack /usr/local/lib/node_modules/npm/node_modules/mkdirp/index.js:46:53
66 verbose fstream_stack FSReqWrap.oncomplete (fs.js:95:15)
67 verbose cwd /Users/huangliang01/work/webpack-demos
68 error Darwin 15.4.0
69 error argv "node" "/usr/local/bin/npm" "install" "webpack" "-g"
70 error node v0.12.2
71 error npm  v2.7.4
72 error path /usr/local/lib/node_modules/webpack
73 error code EACCES
74 error errno -13
75 error Error: EACCES, mkdir '/usr/local/lib/node_modules/webpack'
75 error     at Error (native)
75 error  { [Error: EACCES, mkdir '/usr/local/lib/node_modules/webpack']
75 error   errno: -13,
75 error   code: 'EACCES',
75 error   path: '/usr/local/lib/node_modules/webpack',
75 error   fstream_type: 'Directory',
75 error   fstream_path: '/usr/local/lib/node_modules/webpack',
75 error   fstream_class: 'DirWriter',
75 error   fstream_stack:
75 error    [ '/usr/local/lib/node_modules/npm/node_modules/fstream/lib/dir-writer.js:36:23',
75 error      '/usr/local/lib/node_modules/npm/node_modules/mkdirp/index.js:46:53',
75 error      'FSReqWrap.oncomplete (fs.js:95:15)' ] }
76 error Please try running this command again as root/Administrator.
77 verbose exit [ -13, true ]
78 verbose unbuild lib/node_modules/webpack
79 silly gentlyRm /usr/local/lib/node_modules/webpack is being purged from base /usr/local
80 verbose gentlyRm don't care about contents; nuking /usr/local/lib/node_modules/webpack
